Loading data/yelp.csv
Preprocessing text...
Data split: Train size 8000, Test size 2000
Training Word2Vec model...
Converting documents to vectors...

Cross-Validation Results for C=0.001 [LinearSVC with Word2Vec]:
Accuracy     : 0.4186
F1 Macro     : 0.3153
F1 Micro     : 0.4186
F1 Weighted  : 0.3942

Cross-Validation Results for C=0.01 [LinearSVC with Word2Vec]:
Accuracy     : 0.4300
F1 Macro     : 0.3577
F1 Micro     : 0.4300
F1 Weighted  : 0.4217

Cross-Validation Results for C=0.1 [LinearSVC with Word2Vec]:
Accuracy     : 0.4460
F1 Macro     : 0.3822
F1 Micro     : 0.4460
F1 Weighted  : 0.4410

Cross-Validation Results for C=1 [LinearSVC with Word2Vec]:
Accuracy     : 0.4601
F1 Macro     : 0.4026
F1 Micro     : 0.4601
F1 Weighted  : 0.4568

Cross-Validation Results for C=10 [LinearSVC with Word2Vec]:
Accuracy     : 0.4640
F1 Macro     : 0.4106
F1 Micro     : 0.4640
F1 Weighted  : 0.4620

Cross-Validation Results for C=100 [LinearSVC with Word2Vec]:
Accuracy     : 0.4597
F1 Macro     : 0.4090
F1 Micro     : 0.4597
F1 Weighted  : 0.4599
