Loading data/yelp.csv
Data split: Train size 8000, Test size 2000.

Cross-Validation Results for C=0.001 [LinearSVC with TF-IDF]:
Accuracy     : 0.4456
F1 Macro     : 0.2123
F1 Micro     : 0.4456
F1 Weighted  : 0.3622

Cross-Validation Results for C=0.01 [LinearSVC with TF-IDF]:
Accuracy     : 0.5176
F1 Macro     : 0.4397
F1 Micro     : 0.5176
F1 Weighted  : 0.4911

Cross-Validation Results for C=0.1 [LinearSVC with TF-IDF]:
Accuracy     : 0.5178
F1 Macro     : 0.4754
F1 Micro     : 0.5178
F1 Weighted  : 0.5120

Cross-Validation Results for C=1 [LinearSVC with TF-IDF]:
Accuracy     : 0.4814
F1 Macro     : 0.4428
F1 Micro     : 0.4814
F1 Weighted  : 0.4792

Cross-Validation Results for C=10 [LinearSVC with TF-IDF]:
Accuracy     : 0.4500
F1 Macro     : 0.4082
F1 Micro     : 0.4500
F1 Weighted  : 0.4469

Cross-Validation Results for C=100 [LinearSVC with TF-IDF]:
Accuracy     : 0.4401
F1 Macro     : 0.3977
F1 Micro     : 0.4401
F1 Weighted  : 0.4371
